# JRE version: OpenJDK Runtime Environment (8.0_152-b01) (build 1.8.0_152-release-1248-b01)
# Java VM: OpenJDK 64-Bit Server VM (25.152-b01 mixed mode windows-amd64 compressed oops)
Heap:
 PSYoungGen      total 359936K, used 315390K [0x00000000e0000000, 0x00000000fc480000, 0x0000000100000000)
  eden space 330240K, 86% used [0x00000000e0000000,0x00000000f176fb50,0x00000000f4280000)
  from space 29696K, 98% used [0x00000000fa780000,0x00000000fc40ff38,0x00000000fc480000)
  to   space 35840K, 0% used [0x00000000f7e80000,0x00000000f7e80000,0x00000000fa180000)
 ParOldGen       total 217088K, used 36886K [0x00000000a0000000, 0x00000000ad400000, 0x00000000e0000000)
  object space 217088K, 16% used [0x00000000a0000000,0x00000000a2405bb0,0x00000000ad400000)
 Metaspace       used 84674K, capacity 88850K, committed 88960K, reserved 1126400K
  class space    used 10845K, capacity 11641K, committed 11648K, reserved 1048576K
GC Heap History (10 events):
Event: 27.334 GC heap before
{Heap before GC invocations=13 (full 3):
 PSYoungGen      total 262656K, used 251040K [0x00000000e0000000, 0x00000000f4980000, 0x0000000100000000)
  eden space 238080K, 100% used [0x00000000e0000000,0x00000000ee880000,0x00000000ee880000)
  from space 24576K, 52% used [0x00000000ee880000,0x00000000ef5280d8,0x00000000f0080000)
  to   space 23552K, 0% used [0x00000000f3280000,0x00000000f3280000,0x00000000f4980000)
 ParOldGen       total 217088K, used 33457K [0x00000000a0000000, 0x00000000ad400000, 0x00000000e0000000)
  object space 217088K, 15% used [0x00000000a0000000,0x00000000a20ac5e0,0x00000000ad400000)
 Metaspace       used 67280K, capacity 69150K, committed 69376K, reserved 1110016K
  class space    used 8892K, capacity 9358K, committed 9472K, reserved 1048576K
Event: 27.343 GC heap after
Heap after GC invocations=13 (full 3):
 PSYoungGen      total 308736K, used 9500K [0x00000000e0000000, 0x00000000f4680000, 0x0000000100000000)
  eden space 288256K, 0% used [0x00000000e0000000,0x00000000e0000000,0x00000000f1980000)
  from space 20480K, 46% used [0x00000000f3280000,0x00000000f3bc7218,0x00000000f4680000)
  to   space 23040K, 0% used [0x00000000f1980000,0x00000000f1980000,0x00000000f3000000)
 ParOldGen       total 217088K, used 33465K [0x00000000a0000000, 0x00000000ad400000, 0x00000000e0000000)
  object space 217088K, 15% used [0x00000000a0000000,0x00000000a20ae5e0,0x00000000ad400000)
 Metaspace       used 67280K, capacity 69150K, committed 69376K, reserved 1110016K
  class space    used 8892K, capacity 9358K, committed 9472K, reserved 1048576K
}
Event: 32.624 GC heap before
{Heap before GC invocations=14 (full 3):
 PSYoungGen      total 308736K, used 297756K [0x00000000e0000000, 0x00000000f4680000, 0x0000000100000000)
  eden space 288256K, 100% used [0x00000000e0000000,0x00000000f1980000,0x00000000f1980000)
  from space 20480K, 46% used [0x00000000f3280000,0x00000000f3bc7218,0x00000000f4680000)
  to   space 23040K, 0% used [0x00000000f1980000,0x00000000f1980000,0x00000000f3000000)
 ParOldGen       total 217088K, used 33465K [0x00000000a0000000, 0x00000000ad400000, 0x00000000e0000000)
  object space 217088K, 15% used [0x00000000a0000000,0x00000000a20ae600,0x00000000ad400000)
 Metaspace       used 76941K, capacity 79988K, committed 80256K, reserved 1118208K
  class space    used 10155K, capacity 10822K, committed 10880K, reserved 1048576K
Event: 32.652 GC heap after
Heap after GC invocations=14 (full 3):
 PSYoungGen      total 311296K, used 23023K [0x00000000e0000000, 0x00000000f8480000, 0x0000000100000000)
  eden space 288256K, 0% used [0x00000000e0000000,0x00000000e0000000,0x00000000f1980000)
  from space 23040K, 99% used [0x00000000f1980000,0x00000000f2ffbe28,0x00000000f3000000)
  to   space 26112K, 0% used [0x00000000f6b00000,0x00000000f6b00000,0x00000000f8480000)
 ParOldGen       total 217088K, used 33893K [0x00000000a0000000, 0x00000000ad400000, 0x00000000e0000000)
  object space 217088K, 15% used [0x00000000a0000000,0x00000000a2119408,0x00000000ad400000)
 Metaspace       used 76941K, capacity 79988K, committed 80256K, reserved 1118208K
  class space    used 10155K, capacity 10822K, committed 10880K, reserved 1048576K
}
Event: 36.552 GC heap before
{Heap before GC invocations=15 (full 3):
 PSYoungGen      total 311296K, used 311279K [0x00000000e0000000, 0x00000000f8480000, 0x0000000100000000)
  eden space 288256K, 100% used [0x00000000e0000000,0x00000000f1980000,0x00000000f1980000)
  from space 23040K, 99% used [0x00000000f1980000,0x00000000f2ffbe28,0x00000000f3000000)
  to   space 26112K, 0% used [0x00000000f6b00000,0x00000000f6b00000,0x00000000f8480000)
 ParOldGen       total 217088K, used 33894K [0x00000000a0000000, 0x00000000ad400000, 0x00000000e0000000)
  object space 217088K, 15% used [0x00000000a0000000,0x00000000a2119bf0,0x00000000ad400000)
 Metaspace       used 78610K, capacity 82384K, committed 82560K, reserved 1120256K
  class space    used 10326K, capacity 11052K, committed 11136K, reserved 1048576K
Event: 36.576 GC heap after
Heap after GC invocations=15 (full 3):
 PSYoungGen      total 367104K, used 26080K [0x00000000e0000000, 0x00000000f8c00000, 0x0000000100000000)
  eden space 340992K, 0% used [0x00000000e0000000,0x00000000e0000000,0x00000000f4d00000)
  from space 26112K, 99% used [0x00000000f6b00000,0x00000000f84782a0,0x00000000f8480000)
  to   space 30720K, 0% used [0x00000000f4d00000,0x00000000f4d00000,0x00000000f6b00000)
 ParOldGen       total 217088K, used 36870K [0x00000000a0000000, 0x00000000ad400000, 0x00000000e0000000)
  object space 217088K, 16% used [0x00000000a0000000,0x00000000a2401bb0,0x00000000ad400000)
 Metaspace       used 78610K, capacity 82384K, committed 82560K, reserved 1120256K
  class space    used 10326K, capacity 11052K, committed 11136K, reserved 1048576K
}
Event: 42.211 GC heap before
{Heap before GC invocations=16 (full 3):
 PSYoungGen      total 367104K, used 366650K [0x00000000e0000000, 0x00000000f8c00000, 0x0000000100000000)
  eden space 340992K, 99% used [0x00000000e0000000,0x00000000f4c966b0,0x00000000f4d00000)
  from space 26112K, 99% used [0x00000000f6b00000,0x00000000f84782a0,0x00000000f8480000)
  to   space 30720K, 0% used [0x00000000f4d00000,0x00000000f4d00000,0x00000000f6b00000)
 ParOldGen       total 217088K, used 36870K [0x00000000a0000000, 0x00000000ad400000, 0x00000000e0000000)
  object space 217088K, 16% used [0x00000000a0000000,0x00000000a2401bb0,0x00000000ad400000)
 Metaspace       used 79777K, capacity 83646K, committed 83968K, reserved 1122304K
  class space    used 10433K, capacity 11187K, committed 11264K, reserved 1048576K
Event: 42.231 GC heap after
Heap after GC invocations=16 (full 3):
 PSYoungGen      total 371712K, used 25109K [0x00000000e0000000, 0x00000000fc780000, 0x0000000100000000)
  eden space 340992K, 0% used [0x00000000e0000000,0x00000000e0000000,0x00000000f4d00000)
  from space 30720K, 81% used [0x00000000f4d00000,0x00000000f65856c8,0x00000000f6b00000)
  to   space 32768K, 0% used [0x00000000fa780000,0x00000000fa780000,0x00000000fc780000)
 ParOldGen       total 217088K, used 36878K [0x00000000a0000000, 0x00000000ad400000, 0x00000000e0000000)
  object space 217088K, 16% used [0x00000000a0000000,0x00000000a2403bb0,0x00000000ad400000)
 Metaspace       used 79777K, capacity 83646K, committed 83968K, reserved 1122304K
  class space    used 10433K, capacity 11187K, committed 11264K, reserved 1048576K
}
Event: 170.898 GC heap before
{Heap before GC invocations=17 (full 3):
 PSYoungGen      total 371712K, used 365103K [0x00000000e0000000, 0x00000000fc780000, 0x0000000100000000)
  eden space 340992K, 99% used [0x00000000e0000000,0x00000000f4c066f0,0x00000000f4d00000)
  from space 30720K, 81% used [0x00000000f4d00000,0x00000000f65856c8,0x00000000f6b00000)
  to   space 32768K, 0% used [0x00000000fa780000,0x00000000fa780000,0x00000000fc780000)
 ParOldGen       total 217088K, used 36878K [0x00000000a0000000, 0x00000000ad400000, 0x00000000e0000000)
  object space 217088K, 16% used [0x00000000a0000000,0x00000000a2403bb0,0x00000000ad400000)
 Metaspace       used 83880K, capacity 88010K, committed 88192K, reserved 1126400K
  class space    used 10822K, capacity 11599K, committed 11648K, reserved 1048576K
Event: 170.922 GC heap after
Heap after GC invocations=17 (full 3):
 PSYoungGen      total 359936K, used 29247K [0x00000000e0000000, 0x00000000fc480000, 0x0000000100000000)
  eden space 330240K, 0% used [0x00000000e0000000,0x00000000e0000000,0x00000000f4280000)
  from space 29696K, 98% used [0x00000000fa780000,0x00000000fc40ff38,0x00000000fc480000)
  to   space 35840K, 0% used [0x00000000f7e80000,0x00000000f7e80000,0x00000000fa180000)
 ParOldGen       total 217088K, used 36886K [0x00000000a0000000, 0x00000000ad400000, 0x00000000e0000000)
  object space 217088K, 16% used [0x00000000a0000000,0x00000000a2405bb0,0x00000000ad400000)
 Metaspace       used 83880K, capacity 88010K, committed 88192K, reserved 1126400K
  class space    used 10822K, capacity 11599K, committed 11648K, reserved 1048576K
}

